mode: set
github.com/JashDave/cs733/assignment3/raft_node.go:62.41,63.9 1 1
github.com/JashDave/cs733/assignment3/raft_node.go:64.2,65.41 1 1
github.com/JashDave/cs733/assignment3/raft_node.go:69.42,70.6 1 1
github.com/JashDave/cs733/assignment3/raft_node.go:70.6,72.3 1 1
github.com/JashDave/cs733/assignment3/raft_node.go:75.37,76.9 1 1
github.com/JashDave/cs733/assignment3/raft_node.go:77.2,79.17 1 1
github.com/JashDave/cs733/assignment3/raft_node.go:80.3,83.38 3 1
github.com/JashDave/cs733/assignment3/raft_node.go:86.4,87.18 2 1
github.com/JashDave/cs733/assignment3/raft_node.go:90.3,93.18 3 1
github.com/JashDave/cs733/assignment3/raft_node.go:96.4,97.18 2 1
github.com/JashDave/cs733/assignment3/raft_node.go:101.3,102.41 1 1
github.com/JashDave/cs733/assignment3/raft_node.go:103.3,105.89 2 1
github.com/JashDave/cs733/assignment3/raft_node.go:106.3,108.23 2 0
github.com/JashDave/cs733/assignment3/raft_node.go:109.3,113.23 3 1
github.com/JashDave/cs733/assignment3/raft_node.go:83.38,85.5 1 1
github.com/JashDave/cs733/assignment3/raft_node.go:87.18,89.5 0 1
github.com/JashDave/cs733/assignment3/raft_node.go:93.18,95.5 0 0
github.com/JashDave/cs733/assignment3/raft_node.go:97.18,100.5 0 0
github.com/JashDave/cs733/assignment3/raft_node.go:120.38,122.6 1 1
github.com/JashDave/cs733/assignment3/raft_node.go:122.6,124.3 1 1
github.com/JashDave/cs733/assignment3/raft_node.go:127.44,129.2 1 1
github.com/JashDave/cs733/assignment3/raft_node.go:131.29,135.2 3 1
github.com/JashDave/cs733/assignment3/raft_node.go:137.69,139.28 2 1
github.com/JashDave/cs733/assignment3/raft_node.go:143.2,144.29 2 1
github.com/JashDave/cs733/assignment3/raft_node.go:139.28,142.3 1 1
github.com/JashDave/cs733/assignment3/raft_node.go:147.53,153.16 5 1
github.com/JashDave/cs733/assignment3/raft_node.go:156.2,160.16 4 1
github.com/JashDave/cs733/assignment3/raft_node.go:165.2,166.33 2 1
github.com/JashDave/cs733/assignment3/raft_node.go:171.2,174.16 4 1
github.com/JashDave/cs733/assignment3/raft_node.go:197.2,201.42 4 1
github.com/JashDave/cs733/assignment3/raft_node.go:211.2,217.55 5 1
github.com/JashDave/cs733/assignment3/raft_node.go:220.2,222.16 3 1
github.com/JashDave/cs733/assignment3/raft_node.go:153.16,155.3 1 0
github.com/JashDave/cs733/assignment3/raft_node.go:160.16,162.3 1 0
github.com/JashDave/cs733/assignment3/raft_node.go:166.33,167.22 1 1
github.com/JashDave/cs733/assignment3/raft_node.go:167.22,169.4 1 1
github.com/JashDave/cs733/assignment3/raft_node.go:174.16,177.17 3 1
github.com/JashDave/cs733/assignment3/raft_node.go:180.3,181.17 2 1
github.com/JashDave/cs733/assignment3/raft_node.go:185.3,186.18 2 1
github.com/JashDave/cs733/assignment3/raft_node.go:177.17,179.4 1 0
github.com/JashDave/cs733/assignment3/raft_node.go:181.17,183.4 1 0
github.com/JashDave/cs733/assignment3/raft_node.go:187.3,190.17 3 1
github.com/JashDave/cs733/assignment3/raft_node.go:193.3,194.29 2 1
github.com/JashDave/cs733/assignment3/raft_node.go:190.17,192.4 1 0
github.com/JashDave/cs733/assignment3/raft_node.go:201.42,202.45 1 1
github.com/JashDave/cs733/assignment3/raft_node.go:202.45,204.18 2 1
github.com/JashDave/cs733/assignment3/raft_node.go:204.18,206.5 1 1
github.com/JashDave/cs733/assignment3/raft_node.go:206.5,208.5 1 0
github.com/JashDave/cs733/assignment3/raft_node.go:217.55,219.3 1 1
github.com/JashDave/cs733/assignment3/raft_node.go:225.41,227.2 1 1
github.com/JashDave/cs733/assignment3/raft_node.go:229.57,231.2 1 1
github.com/JashDave/cs733/assignment3/raft_node.go:233.45,235.2 1 1
github.com/JashDave/cs733/assignment3/raft_node.go:237.55,239.16 2 1
github.com/JashDave/cs733/assignment3/raft_node.go:242.2,242.43 1 1
github.com/JashDave/cs733/assignment3/raft_node.go:239.16,241.3 1 0
github.com/JashDave/cs733/assignment3/raft_node.go:245.33,247.2 1 1
github.com/JashDave/cs733/assignment3/raft_node.go:249.39,251.2 1 1
github.com/JashDave/cs733/assignment3/raft_node.go:253.32,257.2 3 1
